<?xml version="1.0" encoding="UTF-8"?>
<!-- Generated by org.testng.reporters.JUnitXMLReporter -->
<testsuite hostname="DESKTOP-N8OU8L6" ignored="0" name="Test" tests="3" failures="0" timestamp="2021-06-23T15:41:47 IST" time="27.223" errors="0">
  <testcase name="test2" time="2.734" classname="com.testers.tests.LoginPageTests"/>
  <testcase name="test1" time="3.87" classname="com.testers.tests.LoginPageTests"/>
  <testcase name="test3" time="2.901" classname="com.testers.tests.HomePageTests"/>
</testsuite> <!-- Test -->
