<?xml version="1.0" encoding="UTF-8"?>
<testng-results skipped="0" failed="0" ignored="0" total="3" passed="3">
  <reporter-output>
  </reporter-output>
  <suite name="Suite" duration-ms="30236" started-at="2021-06-23T01:52:42 IST" finished-at="2021-06-23T01:53:12 IST">
    <groups>
    </groups>
    <test name="Test" duration-ms="30236" started-at="2021-06-23T01:52:42 IST" finished-at="2021-06-23T01:53:12 IST">
      <class name="com.testers.tests.HomePageTests">
        <test-method status="PASS" signature="setUp()[pri:0, instance:com.testers.tests.HomePageTests@37d31475]" name="setUp" is-config="true" duration-ms="7531" started-at="2021-06-23T01:53:01 IST" finished-at="2021-06-23T01:53:08 IST">
          <reporter-output>
          </reporter-output>
        </test-method> <!-- setUp -->
        <test-method status="PASS" signature="test3()[pri:0, instance:com.testers.tests.HomePageTests@37d31475]" name="test3" duration-ms="2990" started-at="2021-06-23T01:53:08 IST" finished-at="2021-06-23T01:53:11 IST">
          <reporter-output>
          </reporter-output>
        </test-method> <!-- test3 -->
        <test-method status="PASS" signature="tearDown()[pri:0, instance:com.testers.tests.HomePageTests@37d31475]" name="tearDown" is-config="true" duration-ms="811" started-at="2021-06-23T01:53:11 IST" finished-at="2021-06-23T01:53:12 IST">
          <reporter-output>
          </reporter-output>
        </test-method> <!-- tearDown -->
      </class> <!-- com.testers.tests.HomePageTests -->
      <class name="com.testers.tests.LoginPageTests">
        <test-method status="PASS" signature="setUp()[pri:0, instance:com.testers.tests.LoginPageTests@2781e022]" name="setUp" is-config="true" duration-ms="12299" started-at="2021-06-23T01:52:42 IST" finished-at="2021-06-23T01:52:54 IST">
          <reporter-output>
          </reporter-output>
        </test-method> <!-- setUp -->
        <test-method status="PASS" signature="setUp()[pri:0, instance:com.testers.tests.LoginPageTests@2781e022]" name="setUp" is-config="true" duration-ms="12575" started-at="2021-06-23T01:52:42 IST" finished-at="2021-06-23T01:52:54 IST">
          <reporter-output>
          </reporter-output>
        </test-method> <!-- setUp -->
        <test-method status="PASS" signature="test2()[pri:0, instance:com.testers.tests.LoginPageTests@2781e022]" name="test2" duration-ms="4408" started-at="2021-06-23T01:52:54 IST" finished-at="2021-06-23T01:52:58 IST">
          <reporter-output>
          </reporter-output>
        </test-method> <!-- test2 -->
        <test-method status="PASS" signature="test1()[pri:0, instance:com.testers.tests.LoginPageTests@2781e022]" name="test1" duration-ms="4901" started-at="2021-06-23T01:52:54 IST" finished-at="2021-06-23T01:52:59 IST">
          <reporter-output>
          </reporter-output>
        </test-method> <!-- test1 -->
        <test-method status="PASS" signature="tearDown()[pri:0, instance:com.testers.tests.LoginPageTests@2781e022]" name="tearDown" is-config="true" duration-ms="2142" started-at="2021-06-23T01:52:58 IST" finished-at="2021-06-23T01:53:01 IST">
          <reporter-output>
          </reporter-output>
        </test-method> <!-- tearDown -->
        <test-method status="PASS" signature="tearDown()[pri:0, instance:com.testers.tests.LoginPageTests@2781e022]" name="tearDown" is-config="true" duration-ms="1517" started-at="2021-06-23T01:52:59 IST" finished-at="2021-06-23T01:53:01 IST">
          <reporter-output>
          </reporter-output>
        </test-method> <!-- tearDown -->
      </class> <!-- com.testers.tests.LoginPageTests -->
    </test> <!-- Test -->
  </suite> <!-- Suite -->
</testng-results>
