<?xml version="1.0" encoding="UTF-8"?>
<testng-results skipped="0" failed="0" ignored="0" total="3" passed="3">
  <reporter-output>
  </reporter-output>
  <suite name="Suite" duration-ms="34522" started-at="2021-06-22T03:35:00 IST" finished-at="2021-06-22T03:35:35 IST">
    <groups>
    </groups>
    <test name="Test" duration-ms="34522" started-at="2021-06-22T03:35:00 IST" finished-at="2021-06-22T03:35:35 IST">
      <class name="com.testers.tests.HomePageTests">
        <test-method status="PASS" signature="setUp()[pri:0, instance:com.testers.tests.HomePageTests@37d31475]" name="setUp" is-config="true" duration-ms="7985" started-at="2021-06-22T03:35:23 IST" finished-at="2021-06-22T03:35:31 IST">
          <reporter-output>
          </reporter-output>
        </test-method> <!-- setUp -->
        <test-method status="PASS" signature="test3()[pri:0, instance:com.testers.tests.HomePageTests@37d31475]" name="test3" duration-ms="2458" started-at="2021-06-22T03:35:31 IST" finished-at="2021-06-22T03:35:34 IST">
          <reporter-output>
          </reporter-output>
        </test-method> <!-- test3 -->
        <test-method status="PASS" signature="tearDown()[pri:0, instance:com.testers.tests.HomePageTests@37d31475]" name="tearDown" is-config="true" duration-ms="920" started-at="2021-06-22T03:35:34 IST" finished-at="2021-06-22T03:35:35 IST">
          <reporter-output>
          </reporter-output>
        </test-method> <!-- tearDown -->
      </class> <!-- com.testers.tests.HomePageTests -->
      <class name="com.testers.tests.LoginPageTests">
        <test-method status="PASS" signature="setUp()[pri:0, instance:com.testers.tests.LoginPageTests@2781e022]" name="setUp" is-config="true" duration-ms="8653" started-at="2021-06-22T03:35:00 IST" finished-at="2021-06-22T03:35:09 IST">
          <reporter-output>
          </reporter-output>
        </test-method> <!-- setUp -->
        <test-method status="PASS" signature="test1()[pri:0, instance:com.testers.tests.LoginPageTests@2781e022]" name="test1" duration-ms="2787" started-at="2021-06-22T03:35:09 IST" finished-at="2021-06-22T03:35:12 IST">
          <reporter-output>
          </reporter-output>
        </test-method> <!-- test1 -->
        <test-method status="PASS" signature="tearDown()[pri:0, instance:com.testers.tests.LoginPageTests@2781e022]" name="tearDown" is-config="true" duration-ms="865" started-at="2021-06-22T03:35:12 IST" finished-at="2021-06-22T03:35:12 IST">
          <reporter-output>
          </reporter-output>
        </test-method> <!-- tearDown -->
        <test-method status="PASS" signature="setUp()[pri:0, instance:com.testers.tests.LoginPageTests@2781e022]" name="setUp" is-config="true" duration-ms="7521" started-at="2021-06-22T03:35:12 IST" finished-at="2021-06-22T03:35:20 IST">
          <reporter-output>
          </reporter-output>
        </test-method> <!-- setUp -->
        <test-method status="PASS" signature="test2()[pri:0, instance:com.testers.tests.LoginPageTests@2781e022]" name="test2" duration-ms="2477" started-at="2021-06-22T03:35:20 IST" finished-at="2021-06-22T03:35:22 IST">
          <reporter-output>
          </reporter-output>
        </test-method> <!-- test2 -->
        <test-method status="PASS" signature="tearDown()[pri:0, instance:com.testers.tests.LoginPageTests@2781e022]" name="tearDown" is-config="true" duration-ms="788" started-at="2021-06-22T03:35:22 IST" finished-at="2021-06-22T03:35:23 IST">
          <reporter-output>
          </reporter-output>
        </test-method> <!-- tearDown -->
      </class> <!-- com.testers.tests.LoginPageTests -->
    </test> <!-- Test -->
  </suite> <!-- Suite -->
</testng-results>
